[2026-04-13 13:58:39] nome=gui | documento= | telefone=551136473844 | status=erro | erro=WhatsApp não foi iniciado corretamente.
[2026-04-13 13:58:39] nome=lucas | documento= | telefone=5511910728906 | status=erro | erro=WhatsApp não foi iniciado corretamente.
[2026-04-13 13:58:39] nome=gui | documento= | telefone=5511969214774 | status=erro | erro=WhatsApp não foi iniciado corretamente.
[2026-04-13 13:58:39] nome=joice | documento= | telefone=551984191724 | status=erro | erro=WhatsApp não foi iniciado corretamente.
[2026-04-13 14:06:21] nome=gui | documento= | telefone=551136473844 | status=enviado | erro=
[2026-04-13 14:29:31] nome=gui | documento= | telefone= | status=ignorado | erro=telefone inválido
[2026-04-13 14:29:42] nome=lucas | documento= | telefone=5511910728906 | status=enviado | erro=
[2026-04-13 14:29:51] nome=gui | documento= | telefone=5511969214774 | status=enviado | erro=
[2026-04-13 15:00:20] nome=gui | documento= | telefone= | status=ignorado | erro=telefone inválido
[2026-04-13 15:00:28] nome=lucas | documento= | telefone=5511910728906 | status=enviado | erro=
[2026-04-13 15:00:43] nome=gui | documento= | telefone=5511969214774 | status=erro | erro=Message: invalid session id: session deleted as the browser has closed the connection
from disconnected: not connected to DevTools
  (Session info: chrome=146.0.7680.178); For documentation on this error, please visit: https://www.selenium.dev/documentation/webdriver/troubleshooting/errors#invalidsessionidexception
Stacktrace:
	chromedriver!GetHandleVerifier [0x7ff7a64829c5+2ed785]
	chromedriver!GetHandleVerifier [0x7ff7a61aa0d0+14e90]
	chromedriver!(No symbol) [0x7ff7a5f0db2d]
	chromedriver!(No symbol) [0x7ff7a5ef8ca2]
	chromedriver!(No symbol) [0x7ff7a5f1f416]
	chromedriver!(No symbol) [0x7ff7a5f970e0]
	chromedriver!(No symbol) [0x7ff7a5fb3482]
	chromedriver!(No symbol) [0x7ff7a5f59298]
	chromedriver!(No symbol) [0x7ff7a5f5a183]
	chromedriver!GetHandleVerifier [0x7ff7a64ade0d+318bcd]
	chromedriver!GetHandleVerifier [0x7ff7a64a8588+313348]
	chromedriver!GetHandleVerifier [0x7ff7a64c9d7a+334b3a]
	chromedriver!GetHandleVerifier [0x7ff7a61c6785+31545]
	chromedriver!GetHandleVerifier [0x7ff7a61cfacc+3a88c]
	chromedriver!GetHandleVerifier [0x7ff7a61b3634+1e3f4]
	chromedriver!GetHandleVerifier [0x7ff7a61b37e6+1e5a6]
	chromedriver!GetHandleVerifier [0x7ff7a6197e37+2bf7]
	KERNEL32!BaseThreadInitThunk [0x7ffd62f4e8d7+17]
	ntdll!RtlUserThreadStart [0x7ffd64f0c48c+2c]

